<?xml version="1.0" encoding="UTF-8"?>
<!-- Generated by org.testng.reporters.JUnitReportReporter -->
<testsuite hostname="DESKTOP-N2PLT4O" failures="0" tests="17" name="Automatiofirstprojrct_april.Automatiofirstprojrct_april.AppTest" time="6.152" errors="0" timestamp="2025-05-04T17:00:14 EET" skipped="7">
  <testcase classname="Automatiofirstprojrct_april.Automatiofirstprojrct_april.AppTest" name="ChangeTheWebsitelanaguage" time="0.745"/>
  <testcase classname="Automatiofirstprojrct_april.Automatiofirstprojrct_april.AppTest" name="ChangeTheWebsitelanaguage" time="0.568"/>
  <testcase classname="Automatiofirstprojrct_april.Automatiofirstprojrct_april.AppTest" name="ChangeTheWebsitelanaguage" time="0.478"/>
  <testcase classname="Automatiofirstprojrct_april.Automatiofirstprojrct_april.AppTest" name="ChangeTheWebsitelanaguage" time="0.548"/>
  <testcase classname="Automatiofirstprojrct_april.Automatiofirstprojrct_april.AppTest" name="ChangeTheWebsitelanaguage" time="0.490"/>
  <testcase classname="Automatiofirstprojrct_april.Automatiofirstprojrct_april.AppTest" name="ChangeTheWebsitelanaguage" time="1.097"/>
  <testcase classname="Automatiofirstprojrct_april.Automatiofirstprojrct_april.AppTest" name="ChangeTheWebsitelanaguage" time="0.464"/>
  <testcase classname="Automatiofirstprojrct_april.Automatiofirstprojrct_april.AppTest" name="ChangeTheWebsitelanaguage" time="0.651"/>
  <testcase classname="Automatiofirstprojrct_april.Automatiofirstprojrct_april.AppTest" name="ChangeTheWebsitelanaguage" time="0.522"/>
  <testcase classname="Automatiofirstprojrct_april.Automatiofirstprojrct_april.AppTest" name="ChangeTheWebsitelanaguage" time="0.589"/>
  <testcase classname="Automatiofirstprojrct_april.Automatiofirstprojrct_april.AppTest" name="CheckQitaflogo">
    <skipped/>
  </testcase> <!-- CheckQitaflogo -->
  <testcase classname="Automatiofirstprojrct_april.Automatiofirstprojrct_april.AppTest" name="CheckHotelIsNotSelectd">
    <skipped/>
  </testcase> <!-- CheckHotelIsNotSelectd -->
  <testcase classname="Automatiofirstprojrct_april.Automatiofirstprojrct_april.AppTest" name="CheckWebsiteLanaguge">
    <skipped/>
  </testcase> <!-- CheckWebsiteLanaguge -->
  <testcase classname="Automatiofirstprojrct_april.Automatiofirstprojrct_april.AppTest" name="FlightDepatureDate">
    <skipped/>
  </testcase> <!-- FlightDepatureDate -->
  <testcase classname="Automatiofirstprojrct_april.Automatiofirstprojrct_april.AppTest" name="FlightReturnDate">
    <skipped/>
  </testcase> <!-- FlightReturnDate -->
  <testcase classname="Automatiofirstprojrct_april.Automatiofirstprojrct_april.AppTest" name="CheckContactNumber">
    <skipped/>
  </testcase> <!-- CheckContactNumber -->
  <testcase classname="Automatiofirstprojrct_april.Automatiofirstprojrct_april.AppTest" name="CheckCurrency">
    <skipped/>
  </testcase> <!-- CheckCurrency -->
</testsuite> <!-- Automatiofirstprojrct_april.Automatiofirstprojrct_april.AppTest -->
