<?xml version="1.0" encoding="UTF-8"?>
<!-- Generated by org.testng.reporters.JUnitReportReporter -->
<testsuite hostname="DESKTOP-N2PLT4O" failures="0" tests="4" name="Automatiofirstprojrct_april.Automatiofirstprojrct_april.AppTest" time="0.184" errors="0" timestamp="2025-05-04T14:26:40 EET" skipped="0">
  <testcase classname="Automatiofirstprojrct_april.Automatiofirstprojrct_april.AppTest" name="CheckWebsiteLanaguge" time="0.030"/>
  <testcase classname="Automatiofirstprojrct_april.Automatiofirstprojrct_april.AppTest" name="CheckCurrency" time="0.027"/>
  <testcase classname="Automatiofirstprojrct_april.Automatiofirstprojrct_april.AppTest" name="CheckContactNumber" time="0.033"/>
  <testcase classname="Automatiofirstprojrct_april.Automatiofirstprojrct_april.AppTest" name="CheckQitaflogo" time="0.094"/>
</testsuite> <!-- Automatiofirstprojrct_april.Automatiofirstprojrct_april.AppTest -->
